#
# There is insufficient memory for the Java Runtime Environment to continue.
# Native memory allocation (mmap) failed to map 123731968 bytes for G1 virtual space
# Possible reasons:
#   The system is out of physical RAM or swap space
#   The process is running with CompressedOops enabled, and the Java Heap may be blocking the growth of the native heap
# Possible solutions:
#   Reduce memory load on the system
#   Increase physical memory or swap space
#   Check if swap backing store is full
#   Decrease Java heap size (-Xmx/-Xms)
#   Decrease number of Java threads
#   Decrease Java thread stack sizes (-Xss)
#   Set larger code cache with -XX:ReservedCodeCacheSize=
#   JVM is running with Unscaled Compressed Oops mode in which the Java heap is
#     placed in the first 4GB address space. The Java Heap base address is the
#     maximum limit for the native heap growth. Please use -XX:HeapBaseMinAddress
#     to set the Java Heap base and to place the Java Heap above 4GB virtual address.
# This output file may be truncated or incomplete.
#
#  Out of Memory Error (os_windows.cpp:3527), pid=21252, tid=18020
#
# JRE version:  (19.0.1+10) (build )
# Java VM: Java HotSpot(TM) 64-Bit Server VM (19.0.1+10-21, mixed mode, sharing, tiered, compressed oops, compressed class ptrs, g1 gc, windows-amd64)
# No core dump will be written. Minidumps are not enabled by default on client versions of Windows
#

---------------  S U M M A R Y ------------

Command Line: -javaagent:C:\Program Files\JetBrains\IntelliJ IDEA Community Edition 2022.3.1\lib\idea_rt.jar=61673:C:\Program Files\JetBrains\IntelliJ IDEA Community Edition 2022.3.1\bin -Dfile.encoding=UTF-8 -Dsun.stdout.encoding=UTF-8 -Dsun.stderr.encoding=UTF-8 ExceptionsInProgramming.Task3.Program

Host: AMD Ryzen 5 5500U with Radeon Graphics         , 12 cores, 7G,  Windows 11 , 64 bit Build 22621 (10.0.22621.2070)
Time: Thu Aug 10 18:36:22 2023 RTZ 2 (s 11 , 64 bit Build 22621 (10.0.22621.2070) elapsed time: 0.019874 seconds (0d 0h 0m 0s)

---------------  T H R E A D  ---------------

Current thread (0x000001fc3e887990):  JavaThread "Unknown thread" [_thread_in_vm, id=18020, stack(0x00000054f9000000,0x00000054f9100000)]

Stack: [0x00000054f9000000,0x00000054f9100000]
Native frames: (J=compiled Java code, j=interpreted, Vv=VM code, C=native code)
V  [jvm.dll+0x6ee8fa]
V  [jvm.dll+0x857a1e]
V  [jvm.dll+0x85940e]
V  [jvm.dll+0x859ac3]
V  [jvm.dll+0x28291f]
V  [jvm.dll+0x6eb6e9]
V  [jvm.dll+0x6e028a]
V  [jvm.dll+0x357136]
V  [jvm.dll+0x35eb96]
V  [jvm.dll+0x3b555e]
V  [jvm.dll+0x3b578f]
V  [jvm.dll+0x32c6ea]
V  [jvm.dll+0x32d59e]
V  [jvm.dll+0x821b20]
V  [jvm.dll+0x3c27c1]
V  [jvm.dll+0x8022f1]
V  [jvm.dll+0x44b30f]
V  [jvm.dll+0x44cc91]
C  [jli.dll+0x5287]
C  [ucrtbase.dll+0x29363]
C  [KERNEL32.DLL+0x126ad]
C  [ntdll.dll+0x5aa68]


---------------  P R O C E S S  ---------------

Threads class SMR info:
_java_thread_list=0x00007ffe7e85d048, length=0, elements={
}

Java Threads: ( => current thread )

Other Threads:
  0x000001fc3e8e3c00 WorkerThread "GC Thread#0" [stack: 0x00000054f9100000,0x00000054f9200000] [id=22120]
  0x000001fc3e8f3730 ConcurrentGCThread "G1 Main Marker" [stack: 0x00000054f9200000,0x00000054f9300000] [id=19620]
  0x000001fc3e8f4a70 WorkerThread "G1 Conc#0" [stack: 0x00000054f9300000,0x00000054f9400000] [id=7652]

[error occurred during error reporting (printing all threads), id 0xc0000005, EXCEPTION_ACCESS_VIOLATION (0xc0000005) at pc=0x00007ffe7e01d127]

VM state: not at safepoint (not fully initialized)

VM Mutex/Monitor currently owned by a thread:  ([mutex/lock_event])
[0x000001fc3e882470] Heap_lock - owner thread: 0x000001fc3e887990

Heap address: 0x000000008a200000, size: 1886 MB, Compressed Oops mode: 32-bit

CDS archive(s) mapped at: [0x0000000000000000-0x0000000000000000-0x0000000000000000), size 0, SharedBaseAddress: 0x0000000800000000, ArchiveRelocationMode: 0.
Narrow klass base: 0x0000000000000000, Narrow klass shift: 0, Narrow klass range: 0x0

GC Precious Log:
 CardTable entry size: 512
 Card Set container configuration: InlinePtr #cards 5 size 8 Array Of Cards #cards 12 size 40 Howl #buckets 4 coarsen threshold 1843 Howl Bitmap #cards 512 size 80 coarsen threshold 460 Card regions per heap region 1 cards per card region 2048

Heap:
 garbage-first heap   total 0K, used 0K [0x000000008a200000, 0x0000000100000000)
  region size 1024K, 0 young (0K), 0 survivors (0K)

[error occurred during error reporting (printing heap information), id 0xc0000005, EXCEPTION_ACCESS_VIOLATION (0xc0000005) at pc=0x00007ffe7e426959]

GC Heap History (0 events):
No events

Dll operation events (1 events):
Event: 0.014 Loaded shared library C:\Program Files\Java\jdk-19\bin\java.dll

Deoptimization events (0 events):
No events

Classes loaded (0 events):
No events

Classes unloaded (0 events):
No events

Classes redefined (0 events):
No events

Internal exceptions (0 events):
No events

VM Operations (0 events):
No events

Events (0 events):
No events


Dynamic libraries:
0x00007ff66b1b0000 - 0x00007ff66b1c0000 	C:\Program Files\Java\jdk-19\bin\java.exe
0x00007ffec6190000 - 0x00007ffec63a4000 	C:\WINDOWS\SYSTEM32\ntdll.dll
0x00007ffec4d80000 - 0x00007ffec4e44000 	C:\WINDOWS\System32\KERNEL32.DLL
0x00007ffec35e0000 - 0x00007ffec3984000 	C:\WINDOWS\System32\KERNELBASE.dll
0x00007ffec3c10000 - 0x00007ffec3d21000 	C:\WINDOWS\System32\ucrtbase.dll
0x00007ffebc500000 - 0x00007ffebc518000 	C:\Program Files\Java\jdk-19\bin\jli.dll
0x00007ffebec50000 - 0x00007ffebec6b000 	C:\Program Files\Java\jdk-19\bin\VCRUNTIME140.dll
0x00007ffec4ed0000 - 0x00007ffec4f80000 	C:\WINDOWS\System32\ADVAPI32.dll
0x00007ffec4070000 - 0x00007ffec4117000 	C:\WINDOWS\System32\msvcrt.dll
0x00007ffec4620000 - 0x00007ffec46c6000 	C:\WINDOWS\System32\sechost.dll
0x00007ffec3f20000 - 0x00007ffec4037000 	C:\WINDOWS\System32\RPCRT4.dll
0x00007ffec5450000 - 0x00007ffec55fa000 	C:\WINDOWS\System32\USER32.dll
0x00007ffeaaf10000 - 0x00007ffeab19f000 	C:\WINDOWS\WinSxS\amd64_microsoft.windows.common-controls_6595b64144ccf1df_6.0.22621.2070_none_2713e6537381f706\COMCTL32.dll
0x00007ffec3a50000 - 0x00007ffec3a76000 	C:\WINDOWS\System32\win32u.dll
0x00007ffec4040000 - 0x00007ffec4069000 	C:\WINDOWS\System32\GDI32.dll
0x00007ffec3a80000 - 0x00007ffec3b99000 	C:\WINDOWS\System32\gdi32full.dll
0x00007ffec3540000 - 0x00007ffec35da000 	C:\WINDOWS\System32\msvcp_win.dll
0x00007ffebc4c0000 - 0x00007ffebc4ca000 	C:\WINDOWS\SYSTEM32\VERSION.dll
0x00007ffec4120000 - 0x00007ffec4151000 	C:\WINDOWS\System32\IMM32.DLL
0x00007ffec0100000 - 0x00007ffec010c000 	C:\Program Files\Java\jdk-19\bin\vcruntime140_1.dll
0x00007ffea2df0000 - 0x00007ffea2e7e000 	C:\Program Files\Java\jdk-19\bin\msvcp140.dll
0x00007ffe7dce0000 - 0x00007ffe7e9a0000 	C:\Program Files\Java\jdk-19\bin\server\jvm.dll
0x00007ffeba4a0000 - 0x00007ffeba4d4000 	C:\WINDOWS\SYSTEM32\WINMM.dll
0x00007ffea25a0000 - 0x00007ffea25a9000 	C:\WINDOWS\SYSTEM32\WSOCK32.dll
0x00007ffec4e50000 - 0x00007ffec4ec1000 	C:\WINDOWS\System32\WS2_32.dll
0x00007ffec25f0000 - 0x00007ffec2608000 	C:\WINDOWS\SYSTEM32\kernel.appcore.dll
0x00007ffebebd0000 - 0x00007ffebebda000 	C:\Program Files\Java\jdk-19\bin\jimage.dll
0x00007ffebad60000 - 0x00007ffebaf8e000 	C:\WINDOWS\SYSTEM32\DBGHELP.DLL
0x00007ffec4290000 - 0x00007ffec461a000 	C:\WINDOWS\System32\combase.dll
0x00007ffec5370000 - 0x00007ffec5447000 	C:\WINDOWS\System32\OLEAUT32.dll
0x00007ffeaac80000 - 0x00007ffeaacb2000 	C:\WINDOWS\SYSTEM32\dbgcore.DLL
0x00007ffec3d30000 - 0x00007ffec3daa000 	C:\WINDOWS\System32\bcryptPrimitives.dll
0x00007ffeb84c0000 - 0x00007ffeb84ce000 	C:\Program Files\Java\jdk-19\bin\instrument.dll
0x00007ffeab390000 - 0x00007ffeab3b6000 	C:\Program Files\Java\jdk-19\bin\java.dll

dbghelp: loaded successfully - version: 4.0.5 - missing functions: none
symbol engine: initialized successfully - sym options: 0x614 - pdb path: .;C:\Program Files\Java\jdk-19\bin;C:\WINDOWS\SYSTEM32;C:\WINDOWS\WinSxS\amd64_microsoft.windows.common-controls_6595b64144ccf1df_6.0.22621.2070_none_2713e6537381f706;C:\Program Files\Java\jdk-19\bin\server

VM Arguments:
jvm_args: -javaagent:C:\Program Files\JetBrains\IntelliJ IDEA Community Edition 2022.3.1\lib\idea_rt.jar=61673:C:\Program Files\JetBrains\IntelliJ IDEA Community Edition 2022.3.1\bin -Dfile.encoding=UTF-8 -Dsun.stdout.encoding=UTF-8 -Dsun.stderr.encoding=UTF-8 
java_command: ExceptionsInProgramming.Task3.Program
java_class_path (initial): C:\Users\Aleksandr\IdeaProjects\Task4_2\out\production\Task4_2
Launcher Type: SUN_STANDARD

[Global flags]
     intx CICompilerCount                          = 4                                         {product} {ergonomic}
     uint ConcGCThreads                            = 3                                         {product} {ergonomic}
     uint G1ConcRefinementThreads                  = 10                                        {product} {ergonomic}
   size_t G1HeapRegionSize                         = 1048576                                   {product} {ergonomic}
    uintx GCDrainStackTargetSize                   = 64                                        {product} {ergonomic}
   size_t InitialHeapSize                          = 123731968                                 {product} {ergonomic}
   size_t MarkStackSize                            = 4194304                                   {product} {ergonomic}
   size_t MaxHeapSize                              = 1977614336                                {product} {ergonomic}
   size_t MinHeapDeltaBytes                        = 1048576                                   {product} {ergonomic}
   size_t MinHeapSize                              = 8388608                                   {product} {ergonomic}
    uintx NonNMethodCodeHeapSize                   = 5839372                                {pd product} {ergonomic}
    uintx NonProfiledCodeHeapSize                  = 122909434                              {pd product} {ergonomic}
    uintx ProfiledCodeHeapSize                     = 122909434                              {pd product} {ergonomic}
    uintx ReservedCodeCacheSize                    = 251658240                              {pd product} {ergonomic}
     bool SegmentedCodeCache                       = true                                      {product} {ergonomic}
   size_t SoftMaxHeapSize                          = 1977614336                             {manageable} {ergonomic}
     bool UseCompressedClassPointers               = true                           {product lp64_product} {ergonomic}
     bool UseCompressedOops                        = true                           {product lp64_product} {ergonomic}
     bool UseG1GC                                  = true                                      {product} {ergonomic}
     bool UseLargePagesIndividualAllocation        = false                                  {pd product} {ergonomic}

Logging:
Log output configuration:
 #0: stdout all=warning uptime,level,tags foldmultilines=false
 #1: stderr all=off uptime,level,tags foldmultilines=false

Environment Variables:
PATH=C:\Program Files\Common Files\Oracle\Java\javapath;C:\WINDOWS\system32;C:\WINDOWS;C:\WINDOWS\System32\Wbem;C:\WINDOWS\System32\WindowsPowerShell\v1.0\;C:\WINDOWS\System32\OpenSSH\;C:\Program Files\dotnet\;C:\Program Files\Git\cmd;C:\Program Files (x86)\dotnet\;C:\Program Files (x86)\Windows Live\Shared;C:\Program Files\MySQL\MySQL Shell 8.0\bin\;C:\anaconda3;C:\anaconda3\Library\mingw-w64\bin;C:\anaconda3\Library\usr\bin;C:\anaconda3\Library\bin;C:\anaconda3\Scripts;C:\Users\Aleksandr\AppData\Local\Microsoft\WindowsApps;C:\Users\Aleksandr\AppData\Local\Programs\Microsoft VS Code\bin;C:\Users\Aleksandr\.dotnet\tools;C:\Program Files\JetBrains\IntelliJ IDEA Community Edition 2022.3.1\bin;C:\Program Files\JetBrains\PyCharm Community Edition 2022.3.3\bin;C:\Users\Aleksandr\AppData\Local\gitkraken\bin
USERNAME=Aleksandr
OS=Windows_NT
PROCESSOR_IDENTIFIER=AMD64 Family 23 Model 104 Stepping 1, AuthenticAMD
TMP=C:\Users\ALEKSA~1\AppData\Local\Temp
TEMP=C:\Users\ALEKSA~1\AppData\Local\Temp



---------------  S Y S T E M  ---------------

OS:
 Windows 11 , 64 bit Build 22621 (10.0.22621.2070)
OS uptime: 0 days 5:21 hours
Hyper-V role detected

CPU: total 12 (initial active 12) (12 cores per cpu, 2 threads per core) family 23 model 104 stepping 1 microcode 0x0, cx8, cmov, fxsr, ht, mmx, 3dnowpref, sse, sse2, sse3, ssse3, sse4a, sse4.1, sse4.2, popcnt, lzcnt, tsc, tscinvbit, avx, avx2, aes, clmul, bmi1, bmi2, adx, sha, fma, vzeroupper, clflush, clflushopt, hv, rdtscp, rdpid

Memory: 4k page, system-wide physical 7541M (965M free)
TotalPageFile size 31093M (AvailPageFile size 19M)
current process WorkingSet (physical memory assigned to process): 11M, peak: 11M
current process commit charge ("private bytes"): 64M, peak: 182M

vm_info: Java HotSpot(TM) 64-Bit Server VM (19.0.1+10-21) for windows-amd64 JRE (19.0.1+10-21), built on 2022-09-14T12:45:06Z by "mach5one" with MS VC++ 17.1 (VS2022)

END.
