#
# There is insufficient memory for the Java Runtime Environment to continue.
# Native memory allocation (mmap) failed to map 123731968 bytes for G1 virtual space
# Possible reasons:
#   The system is out of physical RAM or swap space
#   The process is running with CompressedOops enabled, and the Java Heap may be blocking the growth of the native heap
# Possible solutions:
#   Reduce memory load on the system
#   Increase physical memory or swap space
#   Check if swap backing store is full
#   Decrease Java heap size (-Xmx/-Xms)
#   Decrease number of Java threads
#   Decrease Java thread stack sizes (-Xss)
#   Set larger code cache with -XX:ReservedCodeCacheSize=
#   JVM is running with Unscaled Compressed Oops mode in which the Java heap is
#     placed in the first 4GB address space. The Java Heap base address is the
#     maximum limit for the native heap growth. Please use -XX:HeapBaseMinAddress
#     to set the Java Heap base and to place the Java Heap above 4GB virtual address.
# This output file may be truncated or incomplete.
#
#  Out of Memory Error (os_windows.cpp:3527), pid=16916, tid=12480
#
# JRE version:  (19.0.1+10) (build )
# Java VM: Java HotSpot(TM) 64-Bit Server VM (19.0.1+10-21, mixed mode, sharing, tiered, compressed oops, compressed class ptrs, g1 gc, windows-amd64)
# No core dump will be written. Minidumps are not enabled by default on client versions of Windows
#

---------------  S U M M A R Y ------------

Command Line: -javaagent:C:\Program Files\JetBrains\IntelliJ IDEA Community Edition 2022.3.1\lib\idea_rt.jar=59614:C:\Program Files\JetBrains\IntelliJ IDEA Community Edition 2022.3.1\bin -Dfile.encoding=UTF-8 -Dsun.stdout.encoding=UTF-8 -Dsun.stderr.encoding=UTF-8 ExceptionsInProgramming.Task3.Program

Host: AMD Ryzen 5 5500U with Radeon Graphics         , 12 cores, 7G,  Windows 11 , 64 bit Build 22621 (10.0.22621.2070)
Time: Fri Aug 11 21:41:39 2023 RTZ 2 (s 11 , 64 bit Build 22621 (10.0.22621.2070) elapsed time: 0.014295 seconds (0d 0h 0m 0s)

---------------  T H R E A D  ---------------

Current thread (0x000001969bfe7f90):  JavaThread "Unknown thread" [_thread_in_vm, id=12480, stack(0x0000005a29c00000,0x0000005a29d00000)]

Stack: [0x0000005a29c00000,0x0000005a29d00000]
Native frames: (J=compiled Java code, j=interpreted, Vv=VM code, C=native code)
V  [jvm.dll+0x6ee8fa]
V  [jvm.dll+0x857a1e]
V  [jvm.dll+0x85940e]
V  [jvm.dll+0x859ac3]
V  [jvm.dll+0x28291f]
V  [jvm.dll+0x6eb6e9]
V  [jvm.dll+0x6e028a]
V  [jvm.dll+0x357136]
V  [jvm.dll+0x35eb96]
V  [jvm.dll+0x3b555e]
V  [jvm.dll+0x3b578f]
V  [jvm.dll+0x32c6ea]
V  [jvm.dll+0x32d59e]
V  [jvm.dll+0x821b20]
V  [jvm.dll+0x3c27c1]
V  [jvm.dll+0x8022f1]
V  [jvm.dll+0x44b30f]
V  [jvm.dll+0x44cc91]
C  [jli.dll+0x5287]
C  [ucrtbase.dll+0x29363]
C  [KERNEL32.DLL+0x126ad]
C  [ntdll.dll+0x5aa68]


---------------  P R O C E S S  ---------------

Threads class SMR info:
_java_thread_list=0x00007ffeeb7cd048, length=0, elements={
}

Java Threads: ( => current thread )

Other Threads:
  0x000001969c044b20 WorkerThread "GC Thread#0" [stack: 0x0000005a29d00000,0x0000005a29e00000] [id=8140]
  0x000001969c054640 ConcurrentGCThread "G1 Main Marker" [stack: 0x0000005a29e00000,0x0000005a29f00000] [id=17016]
  0x000001969c055370 WorkerThread "G1 Conc#0" [stack: 0x0000005a29f00000,0x0000005a2a000000] [id=16744]

[error occurred during error reporting (printing all threads), id 0xc0000005, EXCEPTION_ACCESS_VIOLATION (0xc0000005) at pc=0x00007ffeeaf8d127]

VM state: not at safepoint (not fully initialized)

VM Mutex/Monitor currently owned by a thread:  ([mutex/lock_event])
[0x000001969bfe41d0] Heap_lock - owner thread: 0x000001969bfe7f90

Heap address: 0x000000008a200000, size: 1886 MB, Compressed Oops mode: 32-bit

CDS archive(s) mapped at: [0x0000000000000000-0x0000000000000000-0x0000000000000000), size 0, SharedBaseAddress: 0x0000000800000000, ArchiveRelocationMode: 0.
Narrow klass base: 0x0000000000000000, Narrow klass shift: 0, Narrow klass range: 0x0

GC Precious Log:
 CardTable entry size: 512
 Card Set container configuration: InlinePtr #cards 5 size 8 Array Of Cards #cards 12 size 40 Howl #buckets 4 coarsen threshold 1843 Howl Bitmap #cards 512 size 80 coarsen threshold 460 Card regions per heap region 1 cards per card region 2048

Heap:
 garbage-first heap   total 0K, used 0K [0x000000008a200000, 0x0000000100000000)
  region size 1024K, 0 young (0K), 0 survivors (0K)

[error occurred during error reporting (printing heap information), id 0xc0000005, EXCEPTION_ACCESS_VIOLATION (0xc0000005) at pc=0x00007ffeeb396959]

GC Heap History (0 events):
No events

Dll operation events (1 events):
Event: 0.009 Loaded shared library C:\Program Files\Java\jdk-19\bin\java.dll

Deoptimization events (0 events):
No events

Classes loaded (0 events):
No events

Classes unloaded (0 events):
No events

Classes redefined (0 events):
No events

Internal exceptions (0 events):
No events

VM Operations (0 events):
No events

Events (0 events):
No events


Dynamic libraries:
0x00007ff666190000 - 0x00007ff6661a0000 	C:\Program Files\Java\jdk-19\bin\java.exe
0x00007fff228f0000 - 0x00007fff22b04000 	C:\WINDOWS\SYSTEM32\ntdll.dll
0x00007fff21a00000 - 0x00007fff21ac4000 	C:\WINDOWS\System32\KERNEL32.DLL
0x00007fff1ffa0000 - 0x00007fff20344000 	C:\WINDOWS\System32\KERNELBASE.dll
0x00007fff20470000 - 0x00007fff20581000 	C:\WINDOWS\System32\ucrtbase.dll
0x00007fff1c960000 - 0x00007fff1c97b000 	C:\Program Files\Java\jdk-19\bin\VCRUNTIME140.dll
0x00007fff1c0a0000 - 0x00007fff1c0b8000 	C:\Program Files\Java\jdk-19\bin\jli.dll
0x00007fff21b40000 - 0x00007fff21bf0000 	C:\WINDOWS\System32\ADVAPI32.dll
0x00007fff213f0000 - 0x00007fff21497000 	C:\WINDOWS\System32\msvcrt.dll
0x00007fff21210000 - 0x00007fff212b6000 	C:\WINDOWS\System32\sechost.dll
0x00007fff212d0000 - 0x00007fff213e7000 	C:\WINDOWS\System32\RPCRT4.dll
0x00007fff20690000 - 0x00007fff2083a000 	C:\WINDOWS\System32\USER32.dll
0x00007fff0cdd0000 - 0x00007fff0d05f000 	C:\WINDOWS\WinSxS\amd64_microsoft.windows.common-controls_6595b64144ccf1df_6.0.22621.2070_none_2713e6537381f706\COMCTL32.dll
0x00007fff1fca0000 - 0x00007fff1fcc6000 	C:\WINDOWS\System32\win32u.dll
0x00007fff20b20000 - 0x00007fff20b49000 	C:\WINDOWS\System32\GDI32.dll
0x00007fff20350000 - 0x00007fff20469000 	C:\WINDOWS\System32\gdi32full.dll
0x00007fff1fe40000 - 0x00007fff1feda000 	C:\WINDOWS\System32\msvcp_win.dll
0x00007fff17e30000 - 0x00007fff17e3a000 	C:\WINDOWS\SYSTEM32\VERSION.dll
0x00007fff21ad0000 - 0x00007fff21b01000 	C:\WINDOWS\System32\IMM32.DLL
0x00007fff1c0d0000 - 0x00007fff1c0dc000 	C:\Program Files\Java\jdk-19\bin\vcruntime140_1.dll
0x00007fff1c010000 - 0x00007fff1c09e000 	C:\Program Files\Java\jdk-19\bin\msvcp140.dll
0x00007ffeeac50000 - 0x00007ffeeb910000 	C:\Program Files\Java\jdk-19\bin\server\jvm.dll
0x00007fff12460000 - 0x00007fff12469000 	C:\WINDOWS\SYSTEM32\WSOCK32.dll
0x00007fff16c80000 - 0x00007fff16cb4000 	C:\WINDOWS\SYSTEM32\WINMM.dll
0x00007fff20c50000 - 0x00007fff20cc1000 	C:\WINDOWS\System32\WS2_32.dll
0x00007fff1ed50000 - 0x00007fff1ed68000 	C:\WINDOWS\SYSTEM32\kernel.appcore.dll
0x00007fff1c000000 - 0x00007fff1c00a000 	C:\Program Files\Java\jdk-19\bin\jimage.dll
0x00007fff198d0000 - 0x00007fff19afe000 	C:\WINDOWS\SYSTEM32\DBGHELP.DLL
0x00007fff20ce0000 - 0x00007fff2106a000 	C:\WINDOWS\System32\combase.dll
0x00007fff20970000 - 0x00007fff20a47000 	C:\WINDOWS\System32\OLEAUT32.dll
0x00007fff05e50000 - 0x00007fff05e82000 	C:\WINDOWS\SYSTEM32\dbgcore.DLL
0x00007fff20590000 - 0x00007fff2060a000 	C:\WINDOWS\System32\bcryptPrimitives.dll
0x00007fff1bfb0000 - 0x00007fff1bfbe000 	C:\Program Files\Java\jdk-19\bin\instrument.dll
0x00007fff1bfc0000 - 0x00007fff1bfe6000 	C:\Program Files\Java\jdk-19\bin\java.dll

dbghelp: loaded successfully - version: 4.0.5 - missing functions: none
symbol engine: initialized successfully - sym options: 0x614 - pdb path: .;C:\Program Files\Java\jdk-19\bin;C:\WINDOWS\SYSTEM32;C:\WINDOWS\WinSxS\amd64_microsoft.windows.common-controls_6595b64144ccf1df_6.0.22621.2070_none_2713e6537381f706;C:\Program Files\Java\jdk-19\bin\server

VM Arguments:
jvm_args: -javaagent:C:\Program Files\JetBrains\IntelliJ IDEA Community Edition 2022.3.1\lib\idea_rt.jar=59614:C:\Program Files\JetBrains\IntelliJ IDEA Community Edition 2022.3.1\bin -Dfile.encoding=UTF-8 -Dsun.stdout.encoding=UTF-8 -Dsun.stderr.encoding=UTF-8 
java_command: ExceptionsInProgramming.Task3.Program
java_class_path (initial): C:\Users\Aleksandr\IdeaProjects\Task4_2\out\production\Task4_2
Launcher Type: SUN_STANDARD

[Global flags]
     intx CICompilerCount                          = 4                                         {product} {ergonomic}
     uint ConcGCThreads                            = 3                                         {product} {ergonomic}
     uint G1ConcRefinementThreads                  = 10                                        {product} {ergonomic}
   size_t G1HeapRegionSize                         = 1048576                                   {product} {ergonomic}
    uintx GCDrainStackTargetSize                   = 64                                        {product} {ergonomic}
   size_t InitialHeapSize                          = 123731968                                 {product} {ergonomic}
   size_t MarkStackSize                            = 4194304                                   {product} {ergonomic}
   size_t MaxHeapSize                              = 1977614336                                {product} {ergonomic}
   size_t MinHeapDeltaBytes                        = 1048576                                   {product} {ergonomic}
   size_t MinHeapSize                              = 8388608                                   {product} {ergonomic}
    uintx NonNMethodCodeHeapSize                   = 5839372                                {pd product} {ergonomic}
    uintx NonProfiledCodeHeapSize                  = 122909434                              {pd product} {ergonomic}
    uintx ProfiledCodeHeapSize                     = 122909434                              {pd product} {ergonomic}
    uintx ReservedCodeCacheSize                    = 251658240                              {pd product} {ergonomic}
     bool SegmentedCodeCache                       = true                                      {product} {ergonomic}
   size_t SoftMaxHeapSize                          = 1977614336                             {manageable} {ergonomic}
     bool UseCompressedClassPointers               = true                           {product lp64_product} {ergonomic}
     bool UseCompressedOops                        = true                           {product lp64_product} {ergonomic}
     bool UseG1GC                                  = true                                      {product} {ergonomic}
     bool UseLargePagesIndividualAllocation        = false                                  {pd product} {ergonomic}

Logging:
Log output configuration:
 #0: stdout all=warning uptime,level,tags foldmultilines=false
 #1: stderr all=off uptime,level,tags foldmultilines=false

Environment Variables:
PATH=C:\Program Files\Common Files\Oracle\Java\javapath;C:\WINDOWS\system32;C:\WINDOWS;C:\WINDOWS\System32\Wbem;C:\WINDOWS\System32\WindowsPowerShell\v1.0\;C:\WINDOWS\System32\OpenSSH\;C:\Program Files\dotnet\;C:\Program Files\Git\cmd;C:\Program Files (x86)\dotnet\;C:\Program Files (x86)\Windows Live\Shared;C:\Program Files\MySQL\MySQL Shell 8.0\bin\;C:\anaconda3;C:\anaconda3\Library\mingw-w64\bin;C:\anaconda3\Library\usr\bin;C:\anaconda3\Library\bin;C:\anaconda3\Scripts;C:\Users\Aleksandr\AppData\Local\Microsoft\WindowsApps;C:\Users\Aleksandr\AppData\Local\Programs\Microsoft VS Code\bin;C:\Users\Aleksandr\.dotnet\tools;C:\Program Files\JetBrains\IntelliJ IDEA Community Edition 2022.3.1\bin;C:\Program Files\JetBrains\PyCharm Community Edition 2022.3.3\bin;C:\Users\Aleksandr\AppData\Local\gitkraken\bin
USERNAME=Aleksandr
OS=Windows_NT
PROCESSOR_IDENTIFIER=AMD64 Family 23 Model 104 Stepping 1, AuthenticAMD
TMP=C:\Users\ALEKSA~1\AppData\Local\Temp
TEMP=C:\Users\ALEKSA~1\AppData\Local\Temp



---------------  S Y S T E M  ---------------

OS:
 Windows 11 , 64 bit Build 22621 (10.0.22621.2070)
OS uptime: 0 days 11:03 hours
Hyper-V role detected

CPU: total 12 (initial active 12) (12 cores per cpu, 2 threads per core) family 23 model 104 stepping 1 microcode 0x0, cx8, cmov, fxsr, ht, mmx, 3dnowpref, sse, sse2, sse3, ssse3, sse4a, sse4.1, sse4.2, popcnt, lzcnt, tsc, tscinvbit, avx, avx2, aes, clmul, bmi1, bmi2, adx, sha, fma, vzeroupper, clflush, clflushopt, hv, rdtscp, rdpid

Memory: 4k page, system-wide physical 7541M (636M free)
TotalPageFile size 31093M (AvailPageFile size 86M)
current process WorkingSet (physical memory assigned to process): 11M, peak: 11M
current process commit charge ("private bytes"): 64M, peak: 182M

vm_info: Java HotSpot(TM) 64-Bit Server VM (19.0.1+10-21) for windows-amd64 JRE (19.0.1+10-21), built on 2022-09-14T12:45:06Z by "mach5one" with MS VC++ 17.1 (VS2022)

END.
